<?xml version="1.0" encoding="UTF-8"?>
<!-- Generated by org.testng.reporters.JUnitReportReporter -->
<testsuite hostname="Dell7000" failures="1" tests="8" name="com.employeeapi.testcases.TC001_GET_All_employees" time="0.038" errors="0" timestamp="20 Oct 2019 13:38:37 GMT" skipped="0">
  <testcase classname="com.employeeapi.testcases.TC001_GET_All_employees" name="checkStatusLine" time="0.003"/>
  <testcase classname="com.employeeapi.testcases.TC001_GET_All_employees" name="checkContentEncoding" time="0.009"/>
  <testcase classname="com.employeeapi.testcases.TC001_GET_All_employees" name="checkStatusCode" time="0.001"/>
  <testcase classname="com.employeeapi.testcases.TC001_GET_All_employees" name="checkContentType" time="0.002"/>
  <testcase classname="com.employeeapi.testcases.TC001_GET_All_employees" name="checkServerType" time="0.002"/>
  <testcase classname="com.employeeapi.testcases.TC001_GET_All_employees" name="checkContentLength" time="0.002">
    <failure message="expected [true] but found [false]" type="java.lang.AssertionError">
      <![CDATA[java.lang.AssertionError: expected [true] but found [false]
at org.testng.Assert.fail(Assert.java:96)
at org.testng.Assert.failNotEquals(Assert.java:776)
at org.testng.Assert.assertTrue(Assert.java:44)
at org.testng.Assert.assertTrue(Assert.java:54)
at com.employeeapi.testcases.TC001_GET_All_employees.checkContentLength(TC001_GET_All_employees.java:94)
at java.base/jdk.internal.reflect.NativeMethodAccessorImpl.invoke0(Native Method)
at java.base/jdk.internal.reflect.NativeMethodAccessorImpl.invoke(NativeMethodAccessorImpl.java:62)
at java.base/jdk.internal.reflect.DelegatingMethodAccessorImpl.invoke(DelegatingMethodAccessorImpl.java:43)
at java.base/java.lang.reflect.Method.invoke(Method.java:566)
at org.testng.internal.MethodInvocationHelper.invokeMethod(MethodInvocationHelper.java:124)
at org.testng.internal.Invoker.invokeMethod(Invoker.java:583)
at org.testng.internal.Invoker.invokeTestMethod(Invoker.java:719)
at org.testng.internal.Invoker.invokeTestMethods(Invoker.java:989)
at org.testng.internal.TestMethodWorker.invokeTestMethods(TestMethodWorker.java:125)
at org.testng.internal.TestMethodWorker.run(TestMethodWorker.java:109)
at org.testng.TestRunner.privateRun(TestRunner.java:648)
at org.testng.TestRunner.run(TestRunner.java:505)
at org.testng.SuiteRunner.runTest(SuiteRunner.java:455)
at org.testng.SuiteRunner.runSequentially(SuiteRunner.java:450)
at org.testng.SuiteRunner.privateRun(SuiteRunner.java:415)
at org.testng.SuiteRunner.run(SuiteRunner.java:364)
at org.testng.SuiteRunnerWorker.runSuite(SuiteRunnerWorker.java:52)
at org.testng.SuiteRunnerWorker.run(SuiteRunnerWorker.java:84)
at org.testng.TestNG.runSuitesSequentially(TestNG.java:1208)
at org.testng.TestNG.runSuitesLocally(TestNG.java:1137)
at org.testng.TestNG.runSuites(TestNG.java:1049)
at org.testng.TestNG.run(TestNG.java:1017)
at org.testng.remote.AbstractRemoteTestNG.run(AbstractRemoteTestNG.java:115)
at org.testng.remote.RemoteTestNG.initAndRun(RemoteTestNG.java:251)
at org.testng.remote.RemoteTestNG.main(RemoteTestNG.java:77)
]]>
    </failure>
  </testcase> <!-- checkContentLength -->
  <testcase classname="com.employeeapi.testcases.TC001_GET_All_employees" name="checkResponseTime" time="0.001"/>
  <testcase classname="com.employeeapi.testcases.TC001_GET_All_employees" name="checkResponseBody" time="0.018"/>
</testsuite> <!-- com.employeeapi.testcases.TC001_GET_All_employees -->
